# JRE version: Java(TM) SE Runtime Environment (8.0_211-b12) (build 1.8.0_211-b12)
# Java VM: Java HotSpot(TM) Client VM (25.211-b12 mixed mode windows-x86 )
Heap:
 def new generation   total 74496K, used 68139K [0x04e00000, 0x09ed0000, 0x0a350000)
  eden space 66240K, 100% used [0x04e00000, 0x08eb0000, 0x08eb0000)
  from space 8256K,  23% used [0x08eb0000, 0x0908af00, 0x096c0000)
  to   space 8256K,  33% used [0x096c0000, 0x0997bf20, 0x09ed0000)
 tenured generation   total 165376K, used 103542K [0x0a350000, 0x144d0000, 0x14e00000)
   the space 165376K,  62% used [0x0a350000, 0x1086d970, 0x1086da00, 0x144d0000)
 Metaspace       used 45306K, capacity 45608K, committed 45696K, reserved 46464K
GC Heap History (10 events):
Event: 18.384 GC heap after
Heap after GC invocations=135 (full 9):
 def new generation   total 44288K, used 3045K [0x04e00000, 0x07e00000, 0x0a350000)
  eden space 39424K,   0% used [0x04e00000, 0x04e00000, 0x07480000)
  from space 4864K,  62% used [0x07940000, 0x07c39720, 0x07e00000)
  to   space 4864K,   0% used [0x07480000, 0x07480000, 0x07940000)
 tenured generation   total 98200K, used 96113K [0x0a350000, 0x10336000, 0x14e00000)
   the space 98200K,  97% used [0x0a350000, 0x1012c750, 0x1012c800, 0x10336000)
 Metaspace       used 45306K, capacity 45608K, committed 45696K, reserved 46464K
}
Event: 18.428 GC heap before
{Heap before GC invocations=135 (full 9):
 def new generation   total 44288K, used 42469K [0x04e00000, 0x07e00000, 0x0a350000)
  eden space 39424K, 100% used [0x04e00000, 0x07480000, 0x07480000)
  from space 4864K,  62% used [0x07940000, 0x07c39720, 0x07e00000)
  to   space 4864K,   0% used [0x07480000, 0x07480000, 0x07940000)
 tenured generation   total 98200K, used 96113K [0x0a350000, 0x10336000, 0x14e00000)
   the space 98200K,  97% used [0x0a350000, 0x1012c750, 0x1012c800, 0x10336000)
 Metaspace       used 45306K, capacity 45608K, committed 45696K, reserved 46464K
Event: 18.434 GC heap after
Heap after GC invocations=136 (full 9):
 def new generation   total 44288K, used 3832K [0x04e00000, 0x07e00000, 0x0a350000)
  eden space 39424K,   0% used [0x04e00000, 0x04e00000, 0x07480000)
  from space 4864K,  78% used [0x07480000, 0x0783e1d8, 0x07940000)
  to   space 4864K,   0% used [0x07940000, 0x07940000, 0x07e00000)
 tenured generation   total 98200K, used 97098K [0x0a350000, 0x10336000, 0x14e00000)
   the space 98200K,  98% used [0x0a350000, 0x102228d8, 0x10222a00, 0x10336000)
 Metaspace       used 45306K, capacity 45608K, committed 45696K, reserved 46464K
}
Event: 18.480 GC heap before
{Heap before GC invocations=136 (full 9):
 def new generation   total 44288K, used 43256K [0x04e00000, 0x07e00000, 0x0a350000)
  eden space 39424K, 100% used [0x04e00000, 0x07480000, 0x07480000)
  from space 4864K,  78% used [0x07480000, 0x0783e1d8, 0x07940000)
  to   space 4864K,   0% used [0x07940000, 0x07940000, 0x07e00000)
 tenured generation   total 98200K, used 97098K [0x0a350000, 0x10336000, 0x14e00000)
   the space 98200K,  98% used [0x0a350000, 0x102228d8, 0x10222a00, 0x10336000)
 Metaspace       used 45306K, capacity 45608K, committed 45696K, reserved 46464K
Event: 18.585 GC heap after
Heap after GC invocations=137 (full 10):
 def new generation   total 74496K, used 2076K [0x04e00000, 0x09ed0000, 0x0a350000)
  eden space 66240K,   3% used [0x04e00000, 0x05007108, 0x08eb0000)
  from space 8256K,   0% used [0x08eb0000, 0x08eb0000, 0x096c0000)
  to   space 8256K,   0% used [0x096c0000, 0x096c0000, 0x09ed0000)
 tenured generation   total 165376K, used 99223K [0x0a350000, 0x144d0000, 0x14e00000)
   the space 165376K,  59% used [0x0a350000, 0x10435fe8, 0x10436000, 0x144d0000)
 Metaspace       used 45306K, capacity 45608K, committed 45696K, reserved 46464K
}
Event: 18.662 GC heap before
{Heap before GC invocations=137 (full 10):
 def new generation   total 74496K, used 66240K [0x04e00000, 0x09ed0000, 0x0a350000)
  eden space 66240K, 100% used [0x04e00000, 0x08eb0000, 0x08eb0000)
  from space 8256K,   0% used [0x08eb0000, 0x08eb0000, 0x096c0000)
  to   space 8256K,   0% used [0x096c0000, 0x096c0000, 0x09ed0000)
 tenured generation   total 165376K, used 99223K [0x0a350000, 0x144d0000, 0x14e00000)
   the space 165376K,  59% used [0x0a350000, 0x10435fe8, 0x10436000, 0x144d0000)
 Metaspace       used 45306K, capacity 45608K, committed 45696K, reserved 46464K
Event: 18.692 GC heap after
Heap after GC invocations=138 (full 10):
 def new generation   total 74496K, used 4450K [0x04e00000, 0x09ed0000, 0x0a350000)
  eden space 66240K,   0% used [0x04e00000, 0x04e00000, 0x08eb0000)
  from space 8256K,  53% used [0x096c0000, 0x09b189b8, 0x09ed0000)
  to   space 8256K,   0% used [0x08eb0000, 0x08eb0000, 0x096c0000)
 tenured generation   total 165376K, used 99223K [0x0a350000, 0x144d0000, 0x14e00000)
   the space 165376K,  59% used [0x0a350000, 0x10435fe8, 0x10436000, 0x144d0000)
 Metaspace       used 45306K, capacity 45608K, committed 45696K, reserved 46464K
}
Event: 18.772 GC heap before
{Heap before GC invocations=138 (full 10):
 def new generation   total 74496K, used 70690K [0x04e00000, 0x09ed0000, 0x0a350000)
  eden space 66240K, 100% used [0x04e00000, 0x08eb0000, 0x08eb0000)
  from space 8256K,  53% used [0x096c0000, 0x09b189b8, 0x09ed0000)
  to   space 8256K,   0% used [0x08eb0000, 0x08eb0000, 0x096c0000)
 tenured generation   total 165376K, used 99223K [0x0a350000, 0x144d0000, 0x14e00000)
   the space 165376K,  59% used [0x0a350000, 0x10435fe8, 0x10436000, 0x144d0000)
 Metaspace       used 45306K, capacity 45608K, committed 45696K, reserved 46464K
Event: 18.781 GC heap after
Heap after GC invocations=139 (full 10):
 def new generation   total 74496K, used 1899K [0x04e00000, 0x09ed0000, 0x0a350000)
  eden space 66240K,   0% used [0x04e00000, 0x04e00000, 0x08eb0000)
  from space 8256K,  23% used [0x08eb0000, 0x0908af00, 0x096c0000)
  to   space 8256K,   0% used [0x096c0000, 0x096c0000, 0x09ed0000)
 tenured generation   total 165376K, used 103542K [0x0a350000, 0x144d0000, 0x14e00000)
   the space 165376K,  62% used [0x0a350000, 0x1086d970, 0x1086da00, 0x144d0000)
 Metaspace       used 45306K, capacity 45608K, committed 45696K, reserved 46464K
}
Event: 18.855 GC heap before
{Heap before GC invocations=139 (full 10):
 def new generation   total 74496K, used 68139K [0x04e00000, 0x09ed0000, 0x0a350000)
  eden space 66240K, 100% used [0x04e00000, 0x08eb0000, 0x08eb0000)
  from space 8256K,  23% used [0x08eb0000, 0x0908af00, 0x096c0000)
  to   space 8256K,   0% used [0x096c0000, 0x096c0000, 0x09ed0000)
 tenured generation   total 165376K, used 103542K [0x0a350000, 0x144d0000, 0x14e00000)
   the space 165376K,  62% used [0x0a350000, 0x1086d970, 0x1086da00, 0x144d0000)
 Metaspace       used 45306K, capacity 45608K, committed 45696K, reserved 46464K

